2012-04-29 10:41:17,928 DEBUG virtualenvwrapper.hook_loader Saving sourcable pre_activate hooks to /var/folders/ry/8hvk_wy94g5158lxvykfchr80000gn/T/virtualenvwrapper-pre_activate-hook-XXXXXXXXXX.IW0oknrd
2012-04-29 10:41:18,303 DEBUG virtualenvwrapper.hook_loader Running post_activate hooks
2012-04-29 10:41:18,309 DEBUG virtualenvwrapper.hook_loader Saving sourcable post_activate hooks to /var/folders/ry/8hvk_wy94g5158lxvykfchr80000gn/T/virtualenvwrapper-post_activate-hook-XXXXXXXXXX.ci0yf5Jz
2012-04-29 10:41:18,313 DEBUG virtualenvwrapper.user_scripts post_activate
2012-04-29 11:19:37,190 DEBUG virtualenvwrapper.hook_loader Running initialize hooks
2012-04-29 11:19:37,209 DEBUG virtualenvwrapper.hook_loader Saving sourcable initialize hooks to /var/folders/ry/8hvk_wy94g5158lxvykfchr80000gn/T/virtualenvwrapper-initialize-hook-XXXXXXXXXX.RmfH89pQ
2012-04-29 11:20:36,977 DEBUG virtualenvwrapper.hook_loader Running initialize hooks
2012-04-29 11:20:36,988 DEBUG virtualenvwrapper.hook_loader Saving sourcable initialize hooks to /var/folders/ry/8hvk_wy94g5158lxvykfchr80000gn/T/virtualenvwrapper-initialize-hook-XXXXXXXXXX.lqgqkIlL
2012-04-29 11:30:46,096 DEBUG virtualenvwrapper.hook_loader Running initialize hooks
2012-04-29 11:30:46,114 DEBUG virtualenvwrapper.hook_loader Saving sourcable initialize hooks to /var/folders/ry/8hvk_wy94g5158lxvykfchr80000gn/T/virtualenvwrapper-initialize-hook-XXXXXXXXXX.mRk35c4V
2012-04-29 11:40:24,321 DEBUG virtualenvwrapper.hook_loader Running initialize hooks
2012-04-29 11:40:24,334 DEBUG virtualenvwrapper.hook_loader Saving sourcable initialize hooks to /var/folders/ry/8hvk_wy94g5158lxvykfchr80000gn/T/virtualenvwrapper-initialize-hook-XXXXXXXXXX.oPWZ8YKV
2012-04-29 11:41:06,667 DEBUG virtualenvwrapper.hook_loader Running initialize hooks
2012-04-29 11:41:06,682 DEBUG virtualenvwrapper.hook_loader Saving sourcable initialize hooks to /var/folders/ry/8hvk_wy94g5158lxvykfchr80000gn/T/virtualenvwrapper-initialize-hook-XXXXXXXXXX.eTuNDnOz
2012-04-29 12:00:42,655 DEBUG virtualenvwrapper.hook_loader Running initialize hooks
2012-04-29 12:00:42,671 DEBUG virtualenvwrapper.hook_loader Saving sourcable initialize hooks to /var/folders/ry/8hvk_wy94g5158lxvykfchr80000gn/T/virtualenvwrapper-initialize-hook-XXXXXXXXXX.G9KoxjEL
2012-04-29 12:01:18,746 DEBUG virtualenvwrapper.hook_loader Running initialize hooks
2012-04-29 12:01:18,761 DEBUG virtualenvwrapper.hook_loader Saving sourcable initialize hooks to /var/folders/ry/8hvk_wy94g5158lxvykfchr80000gn/T/virtualenvwrapper-initialize-hook-XXXXXXXXXX.X6cdcjJJ
2012-04-29 12:01:25,855 DEBUG virtualenvwrapper.hook_loader Running initialize hooks
2012-04-29 12:01:25,871 DEBUG virtualenvwrapper.hook_loader Saving sourcable initialize hooks to /var/folders/ry/8hvk_wy94g5158lxvykfchr80000gn/T/virtualenvwrapper-initialize-hook-XXXXXXXXXX.kZD4TG9G
2012-04-29 12:01:30,556 DEBUG virtualenvwrapper.hook_loader Running initialize hooks
2012-04-29 12:01:30,569 DEBUG virtualenvwrapper.hook_loader Saving sourcable initialize hooks to /var/folders/ry/8hvk_wy94g5158lxvykfchr80000gn/T/virtualenvwrapper-initialize-hook-XXXXXXXXXX.GtR2em4o
2012-04-29 12:01:51,085 DEBUG virtualenvwrapper.hook_loader Running initialize hooks
2012-04-29 12:01:51,099 DEBUG virtualenvwrapper.hook_loader Saving sourcable initialize hooks to /var/folders/ry/8hvk_wy94g5158lxvykfchr80000gn/T/virtualenvwrapper-initialize-hook-XXXXXXXXXX.K1IlMIi6
2012-04-29 12:06:47,736 DEBUG virtualenvwrapper.hook_loader Running initialize hooks
2012-04-29 12:06:47,750 DEBUG virtualenvwrapper.hook_loader Saving sourcable initialize hooks to /var/folders/ry/8hvk_wy94g5158lxvykfchr80000gn/T/virtualenvwrapper-initialize-hook-XXXXXXXXXX.q4W6X5Ud
2012-04-29 12:06:53,621 DEBUG virtualenvwrapper.hook_loader Running initialize hooks
2012-04-29 12:06:53,646 DEBUG virtualenvwrapper.hook_loader Saving sourcable initialize hooks to /var/folders/ry/8hvk_wy94g5158lxvykfchr80000gn/T/virtualenvwrapper-initialize-hook-XXXXXXXXXX.52IEC3rz
2012-04-29 12:06:54,439 DEBUG virtualenvwrapper.hook_loader Running initialize hooks
2012-04-29 12:06:54,458 DEBUG virtualenvwrapper.hook_loader Saving sourcable initialize hooks to /var/folders/ry/8hvk_wy94g5158lxvykfchr80000gn/T/virtualenvwrapper-initialize-hook-XXXXXXXXXX.A4jMCocu
2012-04-29 13:12:35,605 DEBUG virtualenvwrapper.hook_loader Running initialize hooks
2012-04-29 13:12:35,625 DEBUG virtualenvwrapper.hook_loader Saving sourcable initialize hooks to /var/folders/ry/8hvk_wy94g5158lxvykfchr80000gn/T/virtualenvwrapper-initialize-hook-XXXXXXXXXX.DuqfEsk4
2012-04-29 13:18:51,753 DEBUG virtualenvwrapper.hook_loader Running initialize hooks
2012-04-29 13:18:51,763 DEBUG virtualenvwrapper.hook_loader Saving sourcable initialize hooks to /var/folders/ry/8hvk_wy94g5158lxvykfchr80000gn/T/virtualenvwrapper-initialize-hook-XXXXXXXXXX.gJ43aXz0
2012-04-29 13:36:50,075 DEBUG virtualenvwrapper.hook_loader Running initialize hooks
2012-04-29 13:36:50,093 DEBUG virtualenvwrapper.hook_loader Saving sourcable initialize hooks to /var/folders/ry/8hvk_wy94g5158lxvykfchr80000gn/T/virtualenvwrapper-initialize-hook-XXXXXXXXXX.TrkZ3uj4
2012-04-29 13:38:37,564 DEBUG virtualenvwrapper.hook_loader Running initialize hooks
2012-04-29 13:38:37,574 DEBUG virtualenvwrapper.hook_loader Saving sourcable initialize hooks to /var/folders/ry/8hvk_wy94g5158lxvykfchr80000gn/T/virtualenvwrapper-initialize-hook-XXXXXXXXXX.LwLi9W2b
2012-04-29 13:38:58,519 DEBUG virtualenvwrapper.hook_loader Running initialize hooks
2012-04-29 13:38:58,530 DEBUG virtualenvwrapper.hook_loader Saving sourcable initialize hooks to /var/folders/ry/8hvk_wy94g5158lxvykfchr80000gn/T/virtualenvwrapper-initialize-hook-XXXXXXXXXX.NTHD4O53
2012-04-29 13:39:37,351 DEBUG virtualenvwrapper.hook_loader Running initialize hooks
2012-04-29 13:39:37,365 DEBUG virtualenvwrapper.hook_loader Saving sourcable initialize hooks to /var/folders/ry/8hvk_wy94g5158lxvykfchr80000gn/T/virtualenvwrapper-initialize-hook-XXXXXXXXXX.eWnJPhqm
2012-04-29 13:40:03,172 DEBUG virtualenvwrapper.hook_loader Running initialize hooks
2012-04-29 13:40:03,181 DEBUG virtualenvwrapper.hook_loader Saving sourcable initialize hooks to /var/folders/ry/8hvk_wy94g5158lxvykfchr80000gn/T/virtualenvwrapper-initialize-hook-XXXXXXXXXX.p5hoiJc6
2012-04-29 13:41:16,308 DEBUG virtualenvwrapper.hook_loader Running initialize hooks
2012-04-29 13:41:16,319 DEBUG virtualenvwrapper.hook_loader Saving sourcable initialize hooks to /var/folders/ry/8hvk_wy94g5158lxvykfchr80000gn/T/virtualenvwrapper-initialize-hook-XXXXXXXXXX.0rhtRwtM
2012-04-29 13:41:51,864 DEBUG virtualenvwrapper.hook_loader Running initialize hooks
2012-04-29 13:41:51,878 DEBUG virtualenvwrapper.hook_loader Saving sourcable initialize hooks to /var/folders/ry/8hvk_wy94g5158lxvykfchr80000gn/T/virtualenvwrapper-initialize-hook-XXXXXXXXXX.VBGS5waU
2012-04-29 13:42:37,011 DEBUG virtualenvwrapper.hook_loader Running initialize hooks
2012-04-29 13:42:37,022 DEBUG virtualenvwrapper.hook_loader Saving sourcable initialize hooks to /var/folders/ry/8hvk_wy94g5158lxvykfchr80000gn/T/virtualenvwrapper-initialize-hook-XXXXXXXXXX.jaAYBrLN
2012-04-29 13:43:07,966 DEBUG virtualenvwrapper.hook_loader Running initialize hooks
2012-04-29 13:43:07,976 DEBUG virtualenvwrapper.hook_loader Saving sourcable initialize hooks to /var/folders/ry/8hvk_wy94g5158lxvykfchr80000gn/T/virtualenvwrapper-initialize-hook-XXXXXXXXXX.1dHIXOaz
2012-04-29 13:43:30,290 DEBUG virtualenvwrapper.hook_loader Running initialize hooks
2012-04-29 13:43:30,303 DEBUG virtualenvwrapper.hook_loader Saving sourcable initialize hooks to /var/folders/ry/8hvk_wy94g5158lxvykfchr80000gn/T/virtualenvwrapper-initialize-hook-XXXXXXXXXX.aenm6nAd
2012-04-29 13:43:37,397 DEBUG virtualenvwrapper.hook_loader Running initialize hooks
2012-04-29 13:43:37,410 DEBUG virtualenvwrapper.hook_loader Saving sourcable initialize hooks to /var/folders/ry/8hvk_wy94g5158lxvykfchr80000gn/T/virtualenvwrapper-initialize-hook-XXXXXXXXXX.WQNfjcWt
2012-04-29 14:32:42,958 DEBUG virtualenvwrapper.hook_loader Running initialize hooks
2012-04-29 14:32:42,971 DEBUG virtualenvwrapper.hook_loader Saving sourcable initialize hooks to /var/folders/ry/8hvk_wy94g5158lxvykfchr80000gn/T/virtualenvwrapper-initialize-hook-XXXXXXXXXX.JgZphEWA
